<?xml version="1.0" encoding="UTF-8"?>
<testng-results skipped="0" failed="0" ignored="0" total="1" passed="1">
  <reporter-output>
  </reporter-output>
  <suite name="Default suite" duration-ms="10713" started-at="2017-12-03T11:21:45Z" finished-at="2017-12-03T11:21:56Z">
    <groups>
    </groups>
    <test name="Default test" duration-ms="10713" started-at="2017-12-03T11:21:45Z" finished-at="2017-12-03T11:21:56Z">
      <class name="basic.demo">
        <test-method status="PASS" signature="test1()[pri:0, instance:basic.demo@3e6fa38a]" name="test1" duration-ms="10686" started-at="2017-12-03T16:51:45Z" finished-at="2017-12-03T16:51:56Z">
          <reporter-output>
          </reporter-output>
        </test-method> <!-- test1 -->
      </class> <!-- basic.demo -->
    </test> <!-- Default test -->
  </suite> <!-- Default suite -->
</testng-results>
